TN:
SF:src/application/usecase/account/AddAccountUseCase.ts
FN:7,(anonymous_1)
FN:10,(anonymous_2)
FNF:2
FNH:2
FNDA:2,(anonymous_1)
FNDA:3,(anonymous_2)
DA:2,2
DA:4,2
DA:6,2
DA:7,2
DA:11,3
DA:12,0
DA:13,0
DA:15,0
DA:23,0
DA:24,0
DA:25,0
LF:11
LH:5
BRDA:12,0,0,0
BRDA:19,1,0,0
BRDA:19,1,1,0
BRDA:19,2,0,0
BRDA:19,2,1,0
BRF:5
BRH:0
end_of_record
TN:
SF:src/application/usecase/account/GetAccountByIdUseCase.ts
FN:5,(anonymous_0)
FN:8,(anonymous_1)
FNF:2
FNH:2
FNDA:1,(anonymous_0)
FNDA:1,(anonymous_1)
DA:4,1
DA:5,1
DA:9,1
DA:10,0
DA:11,0
LF:5
LH:3
BRDA:10,0,0,0
BRF:1
BRH:0
end_of_record
TN:
SF:src/domain/account/entity/Account.ts
FN:8,(anonymous_1)
FN:21,(anonymous_2)
FN:44,(anonymous_3)
FN:68,(anonymous_4)
FN:72,(anonymous_5)
FN:76,(anonymous_6)
FN:80,(anonymous_7)
FN:84,(anonymous_8)
FN:88,(anonymous_9)
FN:92,(anonymous_10)
FN:96,(anonymous_11)
FN:101,(anonymous_12)
FN:106,(anonymous_13)
FN:111,(anonymous_14)
FNF:14
FNH:14
FNDA:5,(anonymous_1)
FNDA:2,(anonymous_2)
FNDA:3,(anonymous_3)
FNDA:4,(anonymous_4)
FNDA:5,(anonymous_5)
FNDA:5,(anonymous_6)
FNDA:5,(anonymous_7)
FNDA:5,(anonymous_8)
FNDA:4,(anonymous_9)
FNDA:4,(anonymous_10)
FNDA:1,(anonymous_11)
FNDA:1,(anonymous_12)
FNDA:1,(anonymous_13)
FNDA:1,(anonymous_14)
DA:1,4
DA:2,4
DA:3,4
DA:4,4
DA:5,4
DA:7,4
DA:9,5
DA:10,5
DA:11,5
DA:12,5
DA:13,5
DA:14,5
DA:15,5
DA:16,5
DA:17,5
DA:29,2
DA:30,2
DA:31,2
DA:55,3
DA:69,4
DA:73,5
DA:77,5
DA:81,5
DA:85,5
DA:89,4
DA:93,4
DA:97,1
DA:98,1
DA:102,1
DA:103,1
DA:107,1
DA:108,1
DA:112,1
DA:113,1
LF:34
LH:34
BRF:0
BRH:0
end_of_record
TN:
SF:src/domain/account/error/CarPlateError.ts
FN:4,(anonymous_1)
FN:12,(anonymous_2)
FNF:2
FNH:2
FNDA:2,(anonymous_1)
FNDA:2,(anonymous_2)
DA:1,5
DA:3,5
DA:5,2
DA:13,2
LF:4
LH:4
BRDA:4,0,0,2
BRF:1
BRH:1
end_of_record
TN:
SF:src/domain/account/error/CpfError.ts
FN:4,(anonymous_1)
FN:12,(anonymous_2)
FNF:2
FNH:2
FNDA:2,(anonymous_1)
FNDA:2,(anonymous_2)
DA:1,5
DA:3,5
DA:5,2
DA:13,2
LF:4
LH:4
BRDA:4,0,0,2
BRF:1
BRH:1
end_of_record
TN:
SF:src/domain/account/error/EmailError.ts
FN:4,(anonymous_1)
FN:12,(anonymous_2)
FN:16,(anonymous_3)
FNF:3
FNH:2
FNDA:2,(anonymous_1)
FNDA:2,(anonymous_2)
FNDA:0,(anonymous_3)
DA:1,5
DA:3,5
DA:5,2
DA:13,2
DA:17,0
LF:5
LH:4
BRDA:4,0,0,2
BRF:1
BRH:1
end_of_record
TN:
SF:src/domain/account/error/NameError.ts
FN:4,(anonymous_1)
FN:12,(anonymous_2)
FNF:2
FNH:2
FNDA:2,(anonymous_1)
FNDA:2,(anonymous_2)
DA:1,5
DA:3,5
DA:5,2
DA:13,2
LF:4
LH:4
BRDA:4,0,0,2
BRF:1
BRH:1
end_of_record
TN:
SF:src/domain/account/value-object/CarPlate.ts
FN:6,(anonymous_0)
FN:11,(anonymous_1)
FNF:2
FNH:2
FNDA:8,(anonymous_0)
FNDA:8,(anonymous_1)
DA:1,5
DA:3,5
DA:7,8
DA:8,7
DA:12,8
DA:13,1
LF:6
LH:6
BRDA:12,0,0,1
BRDA:12,1,0,8
BRDA:12,1,1,5
BRF:3
BRH:3
end_of_record
TN:
SF:src/domain/account/value-object/Cpf.ts
FN:8,(anonymous_0)
FN:13,(anonymous_1)
FN:19,(anonymous_2)
FN:29,(anonymous_3)
FN:33,(anonymous_4)
FN:37,(anonymous_5)
FN:39,(anonymous_6)
FN:42,(anonymous_7)
FN:51,(anonymous_8)
FNF:9
FNH:9
FNDA:8,(anonymous_0)
FNDA:8,(anonymous_1)
FNDA:8,(anonymous_2)
FNDA:8,(anonymous_3)
FNDA:8,(anonymous_4)
FNDA:7,(anonymous_5)
FNDA:14,(anonymous_6)
FNDA:14,(anonymous_7)
FNDA:7,(anonymous_8)
DA:1,5
DA:3,5
DA:4,8
DA:5,8
DA:9,8
DA:10,7
DA:14,8
DA:15,1
DA:20,8
DA:21,8
DA:22,8
DA:23,7
DA:24,7
DA:25,7
DA:26,7
DA:30,8
DA:34,8
DA:38,7
DA:39,14
DA:43,14
DA:44,14
DA:45,154
DA:47,14
DA:48,14
DA:52,7
LF:25
LH:25
BRDA:14,0,0,1
BRDA:20,1,0,0
BRDA:22,2,0,1
BRDA:23,3,0,0
BRDA:45,4,0,133
BRDA:48,5,0,5
BRDA:48,5,1,9
BRF:7
BRH:5
end_of_record
TN:
SF:src/domain/account/value-object/Email.ts
FN:6,(anonymous_0)
FN:11,(anonymous_1)
FNF:2
FNH:2
FNDA:8,(anonymous_0)
FNDA:8,(anonymous_1)
DA:1,5
DA:3,5
DA:7,8
DA:8,7
DA:12,8
DA:13,1
LF:6
LH:6
BRDA:12,0,0,1
BRF:1
BRH:1
end_of_record
TN:
SF:src/domain/account/value-object/Name.ts
FN:6,(anonymous_0)
FN:11,(anonymous_1)
FNF:2
FNH:2
FNDA:8,(anonymous_0)
FNDA:8,(anonymous_1)
DA:1,5
DA:3,5
DA:7,8
DA:8,7
DA:12,8
DA:13,1
LF:6
LH:6
BRDA:12,0,0,1
BRF:1
BRH:1
end_of_record
TN:
SF:src/domain/shared/error/BaseError.ts
FN:7,(anonymous_0)
FN:17,(anonymous_1)
FN:21,(anonymous_2)
FNF:3
FNH:1
FNDA:10,(anonymous_0)
FNDA:0,(anonymous_1)
FNDA:0,(anonymous_2)
DA:1,9
DA:8,10
DA:9,10
DA:10,10
DA:11,10
DA:12,10
DA:13,10
DA:18,0
DA:22,0
LF:9
LH:7
BRF:0
BRH:0
end_of_record
TN:
SF:src/domain/shared/error/UuidError.ts
FN:4,(anonymous_1)
FN:12,(anonymous_2)
FNF:2
FNH:2
FNDA:2,(anonymous_1)
FNDA:2,(anonymous_2)
DA:1,5
DA:3,5
DA:5,2
DA:13,2
LF:4
LH:4
BRDA:4,0,0,2
BRF:1
BRH:1
end_of_record
TN:
SF:src/domain/shared/value-object/Uuid.ts
FN:7,(anonymous_0)
FN:12,(anonymous_1)
FN:19,(anonymous_2)
FNF:3
FNH:3
FNDA:7,(anonymous_0)
FNDA:7,(anonymous_1)
FNDA:3,(anonymous_2)
DA:1,5
DA:2,5
DA:4,5
DA:8,7
DA:9,6
DA:13,7
DA:14,7
DA:15,1
DA:20,3
LF:9
LH:9
BRDA:14,0,0,1
BRF:1
BRH:1
end_of_record
TN:
SF:src/infrastructure/database/PgPromiseAdapter.ts
FN:4,(anonymous_1)
FN:9,(anonymous_2)
FN:20,(anonymous_3)
FN:24,(anonymous_4)
FN:25,(anonymous_5)
FN:31,(anonymous_6)
FN:33,(anonymous_7)
FN:38,(anonymous_8)
FNF:8
FNH:3
FNDA:19,(anonymous_1)
FNDA:8,(anonymous_2)
FNDA:0,(anonymous_3)
FNDA:0,(anonymous_4)
FNDA:0,(anonymous_5)
FNDA:0,(anonymous_6)
FNDA:0,(anonymous_7)
FNDA:16,(anonymous_8)
DA:1,3
DA:4,3
DA:6,19
DA:7,19
DA:16,8
DA:17,8
DA:21,0
DA:25,0
DA:26,0
DA:27,0
DA:28,0
DA:30,0
DA:32,0
DA:34,0
DA:39,16
DA:40,16
DA:42,0
LF:17
LH:8
BRDA:38,0,0,16
BRDA:39,1,0,16
BRF:2
BRH:2
end_of_record
TN:
SF:src/infrastructure/persistence/repository/account/DbAccountRepository.ts
FN:9,(anonymous_7)
FN:13,(anonymous_8)
FN:29,(anonymous_9)
FN:46,(anonymous_10)
FN:65,(anonymous_11)
FNF:5
FNH:5
FNDA:3,(anonymous_7)
FNDA:1,(anonymous_8)
FNDA:2,(anonymous_9)
FNDA:2,(anonymous_10)
FNDA:3,(anonymous_11)
DA:2,3
DA:4,3
DA:6,3
DA:9,3
DA:10,3
DA:14,1
DA:15,0
DA:16,0
DA:30,2
DA:47,2
DA:51,0
DA:52,0
DA:66,3
DA:67,0
LF:14
LH:9
BRDA:15,0,0,0
BRDA:51,1,0,0
BRF:2
BRH:0
end_of_record
